[debug] [2023-04-16T13:18:44.714Z] ----------------------------------------------------------------------
[debug] [2023-04-16T13:18:44.715Z] Command:       /home/lpreimesberger/.nvm/versions/node/v14.18.0/bin/node /home/lpreimesberger/.nvm/versions/node/v14.18.0/bin/firebase init
[debug] [2023-04-16T13:18:44.715Z] CLI Version:   11.19.0
[debug] [2023-04-16T13:18:44.715Z] Platform:      linux
[debug] [2023-04-16T13:18:44.715Z] Node Version:  v14.18.0
[debug] [2023-04-16T13:18:44.716Z] Time:          Sun Apr 16 2023 08:18:44 GMT-0500 (Central Daylight Time)
[debug] [2023-04-16T13:18:44.716Z] ----------------------------------------------------------------------
[debug] 
[debug] [2023-04-16T13:18:44.717Z] >>> [apiv2][query] GET https://firebase-public.firebaseio.com/cli.json [none]
[debug] [2023-04-16T13:18:44.729Z] > command requires scopes: ["email","openid","https://www.googleapis.com/auth/cloudplatformprojects.readonly","https://www.googleapis.com/auth/firebase","https://www.googleapis.com/auth/cloud-platform"]
[debug] [2023-04-16T13:18:44.729Z] > authorizing via signed-in user (lpreimesberger@gmail.com)
[info] 
     ######## #### ########  ######## ########     ###     ######  ########
     ##        ##  ##     ## ##       ##     ##  ##   ##  ##       ##
     ######    ##  ########  ######   ########  #########  ######  ######
     ##        ##  ##    ##  ##       ##     ## ##     ##       ## ##
     ##       #### ##     ## ######## ########  ##     ##  ######  ########

You're about to initialize a Firebase project in this directory:

  /home/lpreimesberger/projects/hooman-web

[debug] [2023-04-16T13:18:44.845Z] <<< [apiv2][status] GET https://firebase-public.firebaseio.com/cli.json 200
[debug] [2023-04-16T13:18:44.845Z] <<< [apiv2][body] GET https://firebase-public.firebaseio.com/cli.json {"cloudBuildErrorAfter":1594252800000,"cloudBuildWarnAfter":1590019200000,"defaultNode10After":1594252800000,"minVersion":"3.0.5","node8DeploysDisabledAfter":1613390400000,"node8RuntimeDisabledAfter":1615809600000,"node8WarnAfter":1600128000000}
[info] 
=== Project Setup
[info] 
[info] First, let's associate this project directory with a Firebase project.
[info] You can create multiple project aliases by running firebase use --add, 
[info] but for now we'll just set up a default project.
[info] 
[debug] [2023-04-16T13:18:55.928Z] > refreshing access token with scopes: []
[debug] [2023-04-16T13:18:55.930Z] >>> [apiv2][query] POST https://www.googleapis.com/oauth2/v3/token [none]
[debug] [2023-04-16T13:18:55.930Z] >>> [apiv2][body] POST https://www.googleapis.com/oauth2/v3/token [omitted]
[debug] [2023-04-16T13:18:56.112Z] <<< [apiv2][status] POST https://www.googleapis.com/oauth2/v3/token 200
[debug] [2023-04-16T13:18:56.112Z] <<< [apiv2][body] POST https://www.googleapis.com/oauth2/v3/token [omitted]
[debug] [2023-04-16T13:18:56.116Z] >>> [apiv2][query] GET https://firebase.googleapis.com/v1beta1/projects pageSize=100
[debug] [2023-04-16T13:18:56.684Z] <<< [apiv2][status] GET https://firebase.googleapis.com/v1beta1/projects 200
[debug] [2023-04-16T13:18:56.685Z] <<< [apiv2][body] GET https://firebase.googleapis.com/v1beta1/projects [omitted]
[info] i  Using project hoomanfood23 (hoomanfood) 
[info] 
=== Hosting Setup
[info] 
[info] Your public directory is the folder (relative to your project directory) that
[info] will contain Hosting assets to be uploaded with firebase deploy. If you
[info] have a build process for your assets, use your build's output directory.
[info] 
